<?xml version="1.0" encoding="UTF-8"?>
<!-- Generated by org.testng.reporters.JUnitReportReporter -->
<testsuite hostname="DESKTOP" failures="0" tests="3" name="Test.TestMkdir" time="0.015" errors="0" timestamp="07 דצמ׳ 2020 08:38:43 GMT" skipped="0">
  <testcase classname="Test.TestMkdir" name="lsVerify1Dir" time="0.000"/>
  <testcase classname="Test.TestMkdir" name="lsVerify1CdCommand" time="0.000"/>
  <testcase classname="Test.TestMkdir" name="VerifySeveralDirs" time="0.015"/>
</testsuite> <!-- Test.TestMkdir -->
