<?xml version="1.0" encoding="UTF-8"?>
<!-- Generated by org.testng.reporters.JUnitReportReporter -->
<testsuite hostname="DESKTOP" failures="0" tests="2" name="Test.TestTouch" time="0.016" errors="0" timestamp="07 דצמ׳ 2020 08:38:43 GMT" skipped="0">
  <testcase classname="Test.TestTouch" name="lsVerify1Dir" time="0.000"/>
  <testcase classname="Test.TestTouch" name="VerifySeveralDirs" time="0.016"/>
</testsuite> <!-- Test.TestTouch -->
